[3.23000e+01 8.15000e-02 1.63820e+02 8.19125e+02 3.27650e+03 3.27650e+03
 3.27650e+03 3.27650e+03 3.27650e+03 3.27640e+03 1.38000e-04 9.20000e-05
 7.75000e-05 2.00000e-05 7.00000e-05 5.00000e-05 5.00000e-05 0.00000e+00
 0.00000e+00 0.00000e+00]
[3.23000e+01 8.15000e-02 1.63820e+02 8.19125e+02 3.27650e+03 3.27650e+03
 3.27650e+03 3.27650e+03 3.27650e+03 3.27640e+03 1.34000e-04 9.30000e-05
 7.50000e-05 7.00000e-05 2.00000e-05 5.00000e-05 1.00000e-04 0.00000e+00
 0.00000e+00 0.00000e+00]
[3.23000e+01 8.15000e-02 1.63820e+02 8.19125e+02 3.27650e+03 3.27650e+03
 3.27650e+03 3.27650e+03 3.27650e+03 3.27640e+03 1.34000e-04 9.30000e-05
 7.50000e-05 7.00000e-05 2.00000e-05 5.00000e-05 1.00000e-04 0.00000e+00
 0.00000e+00 0.00000e+00]
[3.23000e+01 8.15000e-02 1.63820e+02 8.19125e+02 3.27650e+03 3.27650e+03
 3.27650e+03 3.27650e+03 3.27650e+03 3.27640e+03 1.34000e-04 9.30000e-05
 7.50000e-05 7.00000e-05 2.00000e-05 5.00000e-05 1.00000e-04 0.00000e+00
 0.00000e+00 0.00000e+00]
[3.23000e+01 8.15000e-02 1.63820e+02 8.19125e+02 3.27650e+03 3.27650e+03
 3.27650e+03 3.27650e+03 3.27650e+03 3.27640e+03 1.34000e-04 9.30000e-05
 7.50000e-05 7.00000e-05 2.00000e-05 5.00000e-05 1.00000e-04 0.00000e+00
 0.00000e+00 0.00000e+00]
[3.22000e+01 8.12500e-02 1.63820e+02 8.19125e+02 3.27650e+03 3.27650e+03
 3.27650e+03 3.27650e+03 3.27650e+03 3.27640e+03 1.35000e-04 9.30000e-05
 7.00000e-05 7.50000e-05 7.00000e-05 0.00000e+00 1.00000e-04 0.00000e+00
 0.00000e+00 0.00000e+00]
[3.22000e+01 8.12500e-02 1.63820e+02 8.19125e+02 3.27650e+03 3.27650e+03
 3.27650e+03 3.27650e+03 3.27650e+03 3.27640e+03 1.35000e-04 9.30000e-05
 7.00000e-05 7.50000e-05 7.00000e-05 0.00000e+00 1.00000e-04 0.00000e+00
 0.00000e+00 0.00000e+00]
terminated successfully.
